2012/07/19 08:15:37 [error] [php] include(FB.php): failed to open stream: No such file or directory (/home/jochen/workspace/Yii/yii-1.1.10.r3566/framework/YiiBase.php:418)
Stack trace:
#0 /home/jochen/workspace/phprecipeDB/protected/controllers/RecipeController.php(174): spl_autoload_call()
#1 /home/jochen/workspace/phprecipeDB/protected/controllers/RecipeController.php(61): RecipeController->storeData2DB()
#2 /home/jochen/workspace/Yii/yii-1.1.10.r3566/framework/base/CComponent.php(559): RecipeController->wizardFinished()
#3 /home/jochen/workspace/phprecipeDB/protected/components/WizardBehavior.php(680): WizardBehavior->raiseEvent()
#4 /home/jochen/workspace/phprecipeDB/protected/components/WizardBehavior.php(619): WizardBehavior->onFinished()
#5 /home/jochen/workspace/phprecipeDB/protected/components/WizardBehavior.php(224): WizardBehavior->finished()
#6 unknown(0): WizardBehavior->process()
#7 /home/jochen/workspace/Yii/yii-1.1.10.r3566/framework/base/CComponent.php(261): call_user_func_array()
#8 /home/jochen/workspace/phprecipeDB/protected/controllers/RecipeController.php(75): RecipeController->__call()
#9 /home/jochen/workspace/phprecipeDB/protected/controllers/RecipeController.php(75): RecipeController->process()
#10 unknown(0): RecipeController->actionNew()
#11 /home/jochen/workspace/Yii/yii-1.1.10.r3566/framework/web/actions/CAction.php(107): ReflectionMethod->invokeArgs()
#12 /home/jochen/workspace/Yii/yii-1.1.10.r3566/framework/web/actions/CInlineAction.php(48): CInlineAction->runWithParamsInternal()
#13 /home/jochen/workspace/Yii/yii-1.1.10.r3566/framework/web/CController.php(309): CInlineAction->runWithParams()
#14 /home/jochen/workspace/Yii/yii-1.1.10.r3566/framework/web/CController.php(287): RecipeController->runAction()
#15 /home/jochen/workspace/Yii/yii-1.1.10.r3566/framework/web/CController.php(266): RecipeController->runActionWithFilters()
#16 /home/jochen/workspace/Yii/yii-1.1.10.r3566/framework/web/CWebApplication.php(276): RecipeController->run()
#17 /home/jochen/workspace/Yii/yii-1.1.10.r3566/framework/web/CWebApplication.php(135): CWebApplication->runController()
#18 /home/jochen/workspace/Yii/yii-1.1.10.r3566/framework/base/CApplication.php(162): CWebApplication->processRequest()
#19 /home/jochen/workspace/phprecipeDB/index.php(32): CWebApplication->run()
REQUEST_URI=/eclipse/phprecipeDB/index.php?r=recipe/new&step=
in /home/jochen/workspace/phprecipeDB/protected/controllers/RecipeController.php (174)
in /home/jochen/workspace/phprecipeDB/protected/controllers/RecipeController.php (61)
in /home/jochen/workspace/phprecipeDB/protected/components/WizardBehavior.php (680)
